<?xml version="1.0" encoding="UTF-8"?>
<testng-results ignored="0" total="4" passed="4" failed="0" skipped="0">
  <reporter-output>
  </reporter-output>
  <suite started-at="2024-02-04T10:23:41 IST" name="PetSuite" finished-at="2024-02-04T10:23:51 IST" duration-ms="9455">
    <groups>
    </groups>
    <test started-at="2024-02-04T10:23:41 IST" name="PetTests" finished-at="2024-02-04T10:23:51 IST" duration-ms="9455">
      <class name="com.citi.api.test.UserTests">
        <test-method is-config="true" signature="setup()[pri:0, instance:com.citi.api.test.UserTests@1e0b4072]" started-at="2024-02-04T10:23:42 IST" name="setup" finished-at="2024-02-04T10:23:42 IST" duration-ms="707" status="PASS">
          <reporter-output>
          </reporter-output>
        </test-method> <!-- setup -->
        <test-method signature="testPostUser()[pri:1, instance:com.citi.api.test.UserTests@1e0b4072]" started-at="2024-02-04T10:23:42 IST" name="testPostUser" finished-at="2024-02-04T10:23:45 IST" duration-ms="3153" status="PASS">
          <reporter-output>
          </reporter-output>
        </test-method> <!-- testPostUser -->
        <test-method signature="testGetUserByName()[pri:2, instance:com.citi.api.test.UserTests@1e0b4072]" started-at="2024-02-04T10:23:45 IST" name="testGetUserByName" finished-at="2024-02-04T10:23:47 IST" duration-ms="1633" status="PASS">
          <reporter-output>
          </reporter-output>
        </test-method> <!-- testGetUserByName -->
        <test-method signature="testUpdateUserByName()[pri:3, instance:com.citi.api.test.UserTests@1e0b4072]" started-at="2024-02-04T10:23:47 IST" name="testUpdateUserByName" finished-at="2024-02-04T10:23:49 IST" duration-ms="2397" status="PASS">
          <reporter-output>
          </reporter-output>
        </test-method> <!-- testUpdateUserByName -->
        <test-method signature="testDeleteUserByName()[pri:4, instance:com.citi.api.test.UserTests@1e0b4072]" started-at="2024-02-04T10:23:49 IST" name="testDeleteUserByName" finished-at="2024-02-04T10:23:51 IST" duration-ms="1280" status="PASS">
          <reporter-output>
          </reporter-output>
        </test-method> <!-- testDeleteUserByName -->
      </class> <!-- com.citi.api.test.UserTests -->
    </test> <!-- PetTests -->
  </suite> <!-- PetSuite -->
</testng-results>
