<?xml version="1.0" encoding="UTF-8"?>
<!-- Generated by org.testng.reporters.JUnitXMLReporter -->
<testsuite ignored="0" hostname="Raghu" failures="0" tests="4" name="PetTests" time="9.78" errors="0" timestamp="2024-02-04T11:09:18 IST">
  <testcase classname="com.citi.api.test.UserTests" name="testPostUser" time="3.327"/>
  <testcase classname="com.citi.api.test.UserTests" name="testGetUserByName" time="1.305"/>
  <testcase classname="com.citi.api.test.UserTests" name="testUpdateUserByName" time="2.635"/>
  <testcase classname="com.citi.api.test.UserTests" name="testDeleteUserByName" time="1.37"/>
</testsuite> <!-- PetTests -->
