<?xml version="1.0" encoding="UTF-8"?>
<!-- Generated by org.testng.reporters.JUnitXMLReporter -->
<testsuite ignored="0" hostname="Raghu" failures="0" tests="4" name="PetTests" time="9.455" errors="0" timestamp="2024-02-04T10:23:51 IST">
  <testcase classname="com.citi.api.test.UserTests" name="testPostUser" time="3.153"/>
  <testcase classname="com.citi.api.test.UserTests" name="testGetUserByName" time="1.633"/>
  <testcase classname="com.citi.api.test.UserTests" name="testUpdateUserByName" time="2.397"/>
  <testcase classname="com.citi.api.test.UserTests" name="testDeleteUserByName" time="1.28"/>
</testsuite> <!-- PetTests -->
